<?xml version="1.0" encoding="UTF-8"?>
<!-- Generated by org.testng.reporters.JUnitXMLReporter -->
<testsuite ignored="0" hostname="Nikhil-PC" failures="0" tests="4" name="Surefire test" time="0.256" errors="0" timestamp="2023-01-20T16:36:33 IST">
  <testcase classname="com.TestingShastra.Larkspur22A_FrameWorkDemo.AppTest" name="tc_01" time="0.006"/>
  <testcase classname="com.TestingShastra.Larkspur22A_FrameWorkDemo.AppTest" name="tc_02" time="0.0"/>
  <testcase classname="com.TestingShastra.Larkspur22A_FrameWorkDemo.AppTest" name="tc_03" time="0.0"/>
  <testcase classname="com.TestingShastra.Larkspur22A_FrameWorkDemo.AppTest" name="tc_04" time="0.001"/>
</testsuite> <!-- Surefire test -->
