<?xml version="1.0" encoding="UTF-8"?>
<testsuite xmlns:xsi="http://www.w3.org/2001/XMLSchema-instance" xsi:noNamespaceSchemaLocation="https://maven.apache.org/surefire/maven-surefire-plugin/xsd/surefire-test-report.xsd" name="com.TestingShastra.Larkspur22A_FrameWorkDemo.AppTest" time="2.674" tests="4" errors="0" skipped="0" failures="0">
  <properties>
[...]
</properties>
  <testcase name="tc_01" classname="com.TestingShastra.Larkspur22A_FrameWorkDemo.AppTest" time="0.059"/>
  <testcase name="tc_02" classname="com.TestingShastra.Larkspur22A_FrameWorkDemo.AppTest" time="0"/>
  <testcase name="tc_03" classname="com.TestingShastra.Larkspur22A_FrameWorkDemo.AppTest" time="0"/>
  <testcase name="tc_04" classname="com.TestingShastra.Larkspur22A_FrameWorkDemo.AppTest" time="0"/>
</testsuite>