<?xml version="1.0" encoding="UTF-8"?>
<testng-results ignored="0" total="4" passed="4" failed="0" skipped="0">
  <reporter-output>
  </reporter-output>
  <suite started-at="2023-01-20T16:36:33 IST" name="Surefire suite" finished-at="2023-01-20T16:36:33 IST" duration-ms="256">
    <groups>
    </groups>
    <test started-at="2023-01-20T16:36:33 IST" name="Surefire test" finished-at="2023-01-20T16:36:33 IST" duration-ms="256">
      <class name="com.TestingShastra.Larkspur22A_FrameWorkDemo.AppTest">
        <test-method signature="tc_01()[pri:0, instance:com.TestingShastra.Larkspur22A_FrameWorkDemo.AppTest@1018bde2]" started-at="2023-01-20T16:36:33 IST" name="tc_01" finished-at="2023-01-20T16:36:33 IST" duration-ms="6" status="PASS">
          <reporter-output>
          </reporter-output>
        </test-method> <!-- tc_01 -->
        <test-method signature="tc_02()[pri:0, instance:com.TestingShastra.Larkspur22A_FrameWorkDemo.AppTest@1018bde2]" started-at="2023-01-20T16:36:33 IST" name="tc_02" finished-at="2023-01-20T16:36:33 IST" duration-ms="0" status="PASS">
          <reporter-output>
          </reporter-output>
        </test-method> <!-- tc_02 -->
        <test-method signature="tc_03()[pri:0, instance:com.TestingShastra.Larkspur22A_FrameWorkDemo.AppTest@1018bde2]" started-at="2023-01-20T16:36:33 IST" name="tc_03" finished-at="2023-01-20T16:36:33 IST" duration-ms="0" status="PASS">
          <reporter-output>
          </reporter-output>
        </test-method> <!-- tc_03 -->
        <test-method signature="tc_04()[pri:0, instance:com.TestingShastra.Larkspur22A_FrameWorkDemo.AppTest@1018bde2]" started-at="2023-01-20T16:36:33 IST" name="tc_04" finished-at="2023-01-20T16:36:33 IST" duration-ms="1" status="PASS">
          <reporter-output>
          </reporter-output>
        </test-method> <!-- tc_04 -->
      </class> <!-- com.TestingShastra.Larkspur22A_FrameWorkDemo.AppTest -->
    </test> <!-- Surefire test -->
  </suite> <!-- Surefire suite -->
</testng-results>
