-------------------------------------------------------------------------------
Test set: TestSuite
-------------------------------------------------------------------------------
Tests run: 5, Failures: 1, Errors: 0, Skipped: 0, Time elapsed: 5.451 s <<< FAILURE! - in TestSuite
setUpClass(com.TestRunner.RunnerTest)  Time elapsed: 0.873 s  <<< FAILURE!
java.lang.IllegalArgumentException: path must exist: D:\Testing Shastra\Larkspur22A_FrameWorkDemo\src\test\resources\First.feature

