<?xml version="1.0" encoding="UTF-8"?>
<testng-results total="1" passed="1" failed="0" skipped="0">
  <reporter-output>
  </reporter-output>
  <suite started-at="2023-04-12T05:27:39Z" name="Default suite" finished-at="2023-04-12T05:28:59Z" duration-ms="80225">
    <groups>
    </groups>
    <test started-at="2023-04-12T05:27:39Z" name="Default test" finished-at="2023-04-12T05:28:59Z" duration-ms="80225">
      <class name="com.TestingShastra.Larkspur22A_FrameWorkmainDemo.CareWaleTestcasesForPOM">
        <test-method is-config="true" signature="startTest()[pri:0, instance:com.TestingShastra.Larkspur22A_FrameWorkmainDemo.CareWaleTestcasesForPOM@61386958]" started-at="2023-04-12T10:57:39Z" name="startTest" finished-at="2023-04-12T10:57:39Z" duration-ms="606" status="PASS">
          <reporter-output>
          </reporter-output>
        </test-method> <!-- startTest -->
        <test-method is-config="true" signature="launch_Browser()[pri:0, instance:com.TestingShastra.Larkspur22A_FrameWorkmainDemo.CareWaleTestcasesForPOM@61386958]" started-at="2023-04-12T10:57:39Z" name="launch_Browser" finished-at="2023-04-12T10:57:51Z" duration-ms="11664" status="PASS">
          <reporter-output>
          </reporter-output>
        </test-method> <!-- launch_Browser -->
        <test-method signature="afterSelectCarOtherBrandcontainPopularbrand()[pri:0, instance:com.TestingShastra.Larkspur22A_FrameWorkmainDemo.CareWaleTestcasesForPOM@61386958]" started-at="2023-04-12T10:57:51Z" name="afterSelectCarOtherBrandcontainPopularbrand" finished-at="2023-04-12T10:58:55Z" duration-ms="64318" status="PASS">
          <reporter-output>
          </reporter-output>
        </test-method> <!-- afterSelectCarOtherBrandcontainPopularbrand -->
        <test-method is-config="true" signature="closeBrowser()[pri:0, instance:com.TestingShastra.Larkspur22A_FrameWorkmainDemo.CareWaleTestcasesForPOM@61386958]" started-at="2023-04-12T10:58:55Z" name="closeBrowser" finished-at="2023-04-12T10:58:57Z" duration-ms="1521" status="PASS">
          <reporter-output>
          </reporter-output>
        </test-method> <!-- closeBrowser -->
        <test-method is-config="true" signature="endTest()[pri:0, instance:com.TestingShastra.Larkspur22A_FrameWorkmainDemo.CareWaleTestcasesForPOM@61386958]" started-at="2023-04-12T10:58:57Z" name="endTest" finished-at="2023-04-12T10:58:59Z" duration-ms="2070" status="PASS">
          <reporter-output>
          </reporter-output>
        </test-method> <!-- endTest -->
      </class> <!-- com.TestingShastra.Larkspur22A_FrameWorkmainDemo.CareWaleTestcasesForPOM -->
    </test> <!-- Default test -->
  </suite> <!-- Default suite -->
</testng-results>
